<?xml version="1.0" encoding="UTF-8"?>
<testsuite xmlns:xsi="http://www.w3.org/2001/XMLSchema-instance" xsi:noNamespaceSchemaLocation="https://maven.apache.org/surefire/maven-surefire-plugin/xsd/surefire-test-report.xsd" name="CalculatorTest" time="0.012" tests="5" errors="0" skipped="0" failures="0">
  <properties>
[...]
</properties>
  <testcase name="testSubtract" classname="CalculatorTest" time="0.003"/>
  <testcase name="testName" classname="CalculatorTest" time="0"/>
  <testcase name="testPositiveNumbers2" classname="CalculatorTest" time="0"/>
  <testcase name="testNegativeNumber" classname="CalculatorTest" time="0"/>
  <testcase name="testPositiveNumber" classname="CalculatorTest" time="0"/>
</testsuite>